Сборка начата 03.03.2022 19:43:12.
Уровень детализации журнала: Normal.     1>Проект "C:\Users\ilyac\OneDrive\Рабочий стол\Шиман\Лабы\Lab_02\Lab_02\Lab_02\Lab_02.vcxproj" в узле 2 (целевые объекты Build).
     1>InitializeBuildStatus:
         Создание "Debug\Lab_02.tlog\unsuccessfulbuild", так как было задано "AlwaysCreate".
       ClCompile:
         C:\Program Files (x86)\Microsoft Visual Studio\2019\Enterprise\VC\Tools\MSVC\14.29.30133\bin\HostX86\x86\CL.exe /c /ZI /JMC /nologo /W3 /WX- /diagnostics:column /sdl /Od /Oy- /D WIN32 /D _DEBUG /D _CONSOLE /D _UNICODE /D UNICODE /Gm- /EHsc /RTC1 /MDd /GS /fp:precise /permissive- /Zc:wchar_t /Zc:forScope /Zc:inline /Fo"Debug\\" /Fd"Debug\vc142.pdb" /external:W3 /Gd /TP /analyze- /FC /errorReport:prompt Lab_02.cpp
         Lab_02.cpp
     1>C:\Users\ilyac\OneDrive\Рабочий стол\Шиман\Лабы\Lab_02\Lab_02\Lab_02\Lab_02.cpp(77,13): warning C4129: _: неизвестная escape-последовательность
       Link:
         C:\Program Files (x86)\Microsoft Visual Studio\2019\Enterprise\VC\Tools\MSVC\14.29.30133\bin\HostX86\x86\link.exe /ERRORREPORT:PROMPT /OUT:"C:\Users\ilyac\OneDrive\Рабочий стол\Шиман\Лабы\Lab_02\Lab_02\Debug\Lab_02.exe" /INCREMENTAL /ILK:"Debug\Lab_02.ilk" /NOLOGO kernel32.lib user32.lib gdi32.lib winspool.lib comdlg32.lib advapi32.lib shell32.lib ole32.lib oleaut32.lib uuid.lib odbc32.lib odbccp32.lib /MANIFEST /MANIFESTUAC:"level='asInvoker' uiAccess='false'" /manifest:embed /DEBUG /PDB:"C:\Users\ilyac\OneDrive\Рабочий стол\Шиман\Лабы\Lab_02\Lab_02\Debug\Lab_02.pdb" /SUBSYSTEM:CONSOLE /TLBID:1 /DYNAMICBASE /NXCOMPAT /IMPLIB:"C:\Users\ilyac\OneDrive\Рабочий стол\Шиман\Лабы\Lab_02\Lab_02\Debug\Lab_02.lib" /MACHINE:X86 Debug\Lab_02.obj
         Lab_02.vcxproj -> C:\Users\ilyac\OneDrive\Рабочий стол\Шиман\Лабы\Lab_02\Lab_02\Debug\Lab_02.exe
       FinalizeBuildStatus:
         Файл "Debug\Lab_02.tlog\unsuccessfulbuild" удаляется.
         Обращение к "Debug\Lab_02.tlog\Lab_02.lastbuildstate".
     1>Сборка проекта "C:\Users\ilyac\OneDrive\Рабочий стол\Шиман\Лабы\Lab_02\Lab_02\Lab_02\Lab_02.vcxproj" завершена (целевые объекты Build).

Сборка успешно завершена.

       "C:\Users\ilyac\OneDrive\Рабочий стол\Шиман\Лабы\Lab_02\Lab_02\Lab_02\Lab_02.vcxproj" (целевой объект Build ) (1) ->
       (Целевой объект ClCompile) -> 
         C:\Users\ilyac\OneDrive\Рабочий стол\Шиман\Лабы\Lab_02\Lab_02\Lab_02\Lab_02.cpp(77,13): warning C4129: _: неизвестная escape-последовательность

    Предупреждений: 1
    Ошибок: 0

Прошло времени 00:00:00.88
